<?xml version="1.0" encoding="UTF-8"?>
<testsuites>
  <testsuite name="" tests="2" assertions="8" errors="0" warnings="0" failures="0" skipped="0" time="0.075296">
    <testsuite name="unit" tests="2" assertions="8" errors="0" warnings="0" failures="0" skipped="0" time="0.075296">
      <testsuite name="Tests\Mordilion\GeneratedAbstractHydrator\GeneralTest" file="/Users/henning.huncke/Development/GeneratedAbstractHydrator/tests/Mordilion/GeneratedAbstractHydrator/GeneralTest.php" tests="2" assertions="8" errors="0" warnings="0" failures="0" skipped="0" time="0.075296">
        <testcase name="testCommonHydrateCase" class="Tests\Mordilion\GeneratedAbstractHydrator\GeneralTest" classname="Tests.Mordilion.GeneratedAbstractHydrator.GeneralTest" file="/Users/henning.huncke/Development/GeneratedAbstractHydrator/tests/Mordilion/GeneratedAbstractHydrator/GeneralTest.php" line="29" assertions="4" time="0.074143">
          <system-out>/Users/henning.huncke/Development/GeneratedAbstractHydrator/src/Mordilion/GeneratedAbstractHydrator/CodeGenerator/Visitor/AbstractHydratorMethodsVisitor.php:261:
string(8) "(string)"
/Users/henning.huncke/Development/GeneratedAbstractHydrator/src/Mordilion/GeneratedAbstractHydrator/CodeGenerator/Visitor/AbstractHydratorMethodsVisitor.php:261:
string(5) "(int)"
/Users/henning.huncke/Development/GeneratedAbstractHydrator/src/Mordilion/GeneratedAbstractHydrator/CodeGenerator/Visitor/AbstractHydratorMethodsVisitor.php:261:
string(0) ""
/Users/henning.huncke/Development/GeneratedAbstractHydrator/src/Mordilion/GeneratedAbstractHydrator/CodeGenerator/Visitor/AbstractHydratorMethodsVisitor.php:261:
string(8) "(string)"
/Users/henning.huncke/Development/GeneratedAbstractHydrator/src/Mordilion/GeneratedAbstractHydrator/CodeGenerator/Visitor/AbstractHydratorMethodsVisitor.php:261:
string(5) "(int)"
/Users/henning.huncke/Development/GeneratedAbstractHydrator/src/Mordilion/GeneratedAbstractHydrator/CodeGenerator/Visitor/AbstractHydratorMethodsVisitor.php:261:
string(0) ""
/Users/henning.huncke/Development/GeneratedAbstractHydrator/src/Mordilion/GeneratedAbstractHydrator/CodeGenerator/Visitor/AbstractHydratorMethodsVisitor.php:261:
string(8) "(string)"
/Users/henning.huncke/Development/GeneratedAbstractHydrator/src/Mordilion/GeneratedAbstractHydrator/CodeGenerator/Visitor/AbstractHydratorMethodsVisitor.php:261:
string(5) "(int)"
/Users/henning.huncke/Development/GeneratedAbstractHydrator/src/Mordilion/GeneratedAbstractHydrator/CodeGenerator/Visitor/AbstractHydratorMethodsVisitor.php:261:
string(8) "(string)"
/Users/henning.huncke/Development/GeneratedAbstractHydrator/src/Mordilion/GeneratedAbstractHydrator/CodeGenerator/Visitor/AbstractHydratorMethodsVisitor.php:261:
string(5) "(int)"
</system-out>
        </testcase>
        <testcase name="testCommonExtractCase" class="Tests\Mordilion\GeneratedAbstractHydrator\GeneralTest" classname="Tests.Mordilion.GeneratedAbstractHydrator.GeneralTest" file="/Users/henning.huncke/Development/GeneratedAbstractHydrator/tests/Mordilion/GeneratedAbstractHydrator/GeneralTest.php" line="55" assertions="4" time="0.001153"/>
      </testsuite>
    </testsuite>
  </testsuite>
</testsuites>
